<?xml version="1.0" encoding="UTF-8"?>
<!-- Generated by org.testng.reporters.JUnitReportReporter -->
<testsuite skipped="1" hostname="RF-22YRXC2" name="ibankweb.ibankwebapp.SalaryLastDayOfMonthTest" tests="2" failures="0" timestamp="04 Oct 2022 17:51:16 GMT" time="0.021" errors="1">
  <testcase name="salaryLastDayMonth" time="0.000" classname="ibankweb.ibankwebapp.SalaryLastDayOfMonthTest">
    <skipped/>
  </testcase> <!-- salaryLastDayMonth -->
  <testcase name="setUp" time="0.021" classname="ibankweb.ibankwebapp.SalaryLastDayOfMonthTest">
    <error type="java.io.FileNotFoundException" message="C:\Selenium\3ibankapplicationsrc\main\java\Resources\Config.properties (The system cannot find the path specified)">
      <![CDATA[java.io.FileNotFoundException: C:\Selenium\3ibankapplicationsrc\main\java\Resources\Config.properties (The system cannot find the path specified)
at java.io.FileInputStream.open0(Native Method)
at java.io.FileInputStream.open(FileInputStream.java:195)
at java.io.FileInputStream.<init>(FileInputStream.java:138)
at java.io.FileInputStream.<init>(FileInputStream.java:93)
at Resources.ReadPropertyFile.readFile(ReadPropertyFile.java:18)
at testcomponents.ReusableTestComponents.setUp(ReusableTestComponents.java:23)
at sun.reflect.NativeMethodAccessorImpl.invoke0(Native Method)
at sun.reflect.NativeMethodAccessorImpl.invoke(NativeMethodAccessorImpl.java:62)
at sun.reflect.DelegatingMethodAccessorImpl.invoke(DelegatingMethodAccessorImpl.java:43)
at java.lang.reflect.Method.invoke(Method.java:498)
at org.testng.internal.MethodInvocationHelper.invokeMethod(MethodInvocationHelper.java:124)
at org.testng.internal.MethodInvocationHelper.invokeMethodConsideringTimeout(MethodInvocationHelper.java:59)
at org.testng.internal.Invoker.invokeConfigurationMethod(Invoker.java:458)
at org.testng.internal.Invoker.invokeConfigurations(Invoker.java:222)
at org.testng.internal.Invoker.invokeConfigurations(Invoker.java:142)
at org.testng.SuiteRunner.privateRun(SuiteRunner.java:401)
at org.testng.SuiteRunner.run(SuiteRunner.java:364)
at org.testng.SuiteRunnerWorker.runSuite(SuiteRunnerWorker.java:52)
at org.testng.SuiteRunnerWorker.run(SuiteRunnerWorker.java:84)
at org.testng.TestNG.runSuitesSequentially(TestNG.java:1208)
at org.testng.TestNG.runSuitesLocally(TestNG.java:1137)
at org.testng.TestNG.runSuites(TestNG.java:1049)
at org.testng.TestNG.run(TestNG.java:1017)
at org.testng.remote.AbstractRemoteTestNG.run(AbstractRemoteTestNG.java:115)
at org.testng.remote.RemoteTestNG.initAndRun(RemoteTestNG.java:251)
at org.testng.remote.RemoteTestNG.main(RemoteTestNG.java:77)
]]>
    </error>
  </testcase> <!-- setUp -->
</testsuite> <!-- ibankweb.ibankwebapp.SalaryLastDayOfMonthTest -->
